{"C:\\xampp\\htdocs\\student app\\student-info-app\\src\\App.vue": {"path":"C:\\xampp\\htdocs\\student app\\student-info-app\\src\\App.vue","statementMap":{"0":{"start":{"line":5,"column":2},"end":{"line":5,"column":null}}},"fnMap":{},"branchMap":{},"s":{"0":300},"f":{},"b":{},"meta":{"lastBranch":0,"lastFunction":0,"lastStatement":1,"seen":{"s:5:2:5:Infinity":0}}}
,"C:\\xampp\\htdocs\\student app\\student-info-app\\src\\components\\HeaderComponent.vue": {"path":"C:\\xampp\\htdocs\\student app\\student-info-app\\src\\components\\HeaderComponent.vue","statementMap":{"0":{"start":{"line":2,"column":10},"end":{"line":2,"column":null}},"1":{"start":{"line":2,"column":2},"end":{"line":6,"column":56}},"2":{"start":{"line":5,"column":30},"end":{"line":5,"column":44}},"3":{"start":{"line":6,"column":42},"end":{"line":6,"column":56}}},"fnMap":{"0":{"name":"(anonymous_0)","decl":{"start":{"line":5,"column":26},"end":{"line":5,"column":30}},"loc":{"start":{"line":5,"column":30},"end":{"line":5,"column":44}},"line":5},"1":{"name":"(anonymous_1)","decl":{"start":{"line":6,"column":34},"end":{"line":6,"column":42}},"loc":{"start":{"line":6,"column":42},"end":{"line":6,"column":56}},"line":6}},"branchMap":{"0":{"loc":{"start":{"line":3,"column":4},"end":{"line":3,"column":29}},"type":"binary-expr","locations":[{"start":{"line":3,"column":4},"end":{"line":3,"column":8}},{"start":{"line":3,"column":4},"end":{"line":3,"column":29}}],"line":3},"1":{"loc":{"start":{"line":5,"column":30},"end":{"line":5,"column":44}},"type":"binary-expr","locations":[{"start":{"line":5,"column":30},"end":{"line":5,"column":44}},{"start":{"line":5,"column":30},"end":{"line":5,"column":44}}],"line":5},"2":{"loc":{"start":{"line":6,"column":42},"end":{"line":6,"column":56}},"type":"binary-expr","locations":[{"start":{"line":6,"column":42},"end":{"line":6,"column":56}},{"start":{"line":6,"column":42},"end":{"line":6,"column":56}}],"line":6}},"s":{"0":5,"1":1592,"2":2104,"3":1592},"f":{"0":2104,"1":1592},"b":{"0":[1592,1592],"1":[2104,1592],"2":[1592,1592]},"meta":{"lastBranch":0,"lastFunction":0,"lastStatement":0,"seen":{}}}
,"C:\\xampp\\htdocs\\student app\\student-info-app\\src\\components\\HelloWorld.vue": {"path":"C:\\xampp\\htdocs\\student app\\student-info-app\\src\\components\\HelloWorld.vue","statementMap":{"0":{"start":{"line":8,"column":13},"end":{"line":8,"column":null}}},"fnMap":{},"branchMap":{},"s":{"0":0},"f":{},"b":{},"meta":{"lastBranch":0,"lastFunction":0,"lastStatement":1,"seen":{"s:8:13:8:Infinity":0}}}
,"C:\\xampp\\htdocs\\student app\\student-info-app\\src\\components\\StudentComponent.vue": {"path":"C:\\xampp\\htdocs\\student app\\student-info-app\\src\\components\\StudentComponent.vue","statementMap":{"0":{"start":{"line":2,"column":7},"end":{"line":2,"column":null}},"1":{"start":{"line":3,"column":9},"end":{"line":3,"column":null}},"2":{"start":{"line":5,"column":12},"end":{"line":5,"column":31}},"3":{"start":{"line":7,"column":9},"end":{"line":7,"column":null}},"4":{"start":{"line":8,"column":11},"end":{"line":8,"column":null}},"5":{"start":{"line":10,"column":14},"end":{"line":10,"column":31}},"6":{"start":{"line":12,"column":11},"end":{"line":12,"column":null}},"7":{"start":{"line":14,"column":14},"end":{"line":14,"column":31}},"8":{"start":{"line":16,"column":11},"end":{"line":16,"column":null}},"9":{"start":{"line":18,"column":14},"end":{"line":18,"column":31}},"10":{"start":{"line":20,"column":11},"end":{"line":20,"column":null}},"11":{"start":{"line":22,"column":14},"end":{"line":22,"column":36}},"12":{"start":{"line":2,"column":2},"end":{"line":22,"column":53}}},"fnMap":{},"branchMap":{"0":{"loc":{"start":{"line":9,"column":8},"end":{"line":9,"column":42}},"type":"binary-expr","locations":[{"start":{"line":9,"column":8},"end":{"line":9,"column":14}},{"start":{"line":9,"column":8},"end":{"line":9,"column":42}}],"line":9},"1":{"loc":{"start":{"line":13,"column":8},"end":{"line":13,"column":41}},"type":"binary-expr","locations":[{"start":{"line":13,"column":8},"end":{"line":13,"column":14}},{"start":{"line":13,"column":8},"end":{"line":13,"column":41}}],"line":13},"2":{"loc":{"start":{"line":17,"column":8},"end":{"line":17,"column":41}},"type":"binary-expr","locations":[{"start":{"line":17,"column":8},"end":{"line":17,"column":14}},{"start":{"line":17,"column":8},"end":{"line":17,"column":41}}],"line":17},"3":{"loc":{"start":{"line":21,"column":8},"end":{"line":21,"column":43}},"type":"binary-expr","locations":[{"start":{"line":21,"column":8},"end":{"line":21,"column":14}},{"start":{"line":21,"column":8},"end":{"line":21,"column":43}}],"line":21}},"s":{"0":4,"1":4,"2":4,"3":4,"4":4,"5":4,"6":4,"7":4,"8":4,"9":4,"10":4,"11":4,"12":1481},"f":{},"b":{"0":[1481,1481],"1":[1481,1481],"2":[1481,1481],"3":[1481,1481]},"meta":{"lastBranch":0,"lastFunction":0,"lastStatement":0,"seen":{}}}
,"C:\\xampp\\htdocs\\student app\\student-info-app\\src\\pages\\HomePage.vue": {"path":"C:\\xampp\\htdocs\\student app\\student-info-app\\src\\pages\\HomePage.vue","statementMap":{"0":{"start":{"line":17,"column":15},"end":{"line":17,"column":55}},"1":{"start":{"line":18,"column":21},"end":{"line":18,"column":32}},"2":{"start":{"line":21,"column":20},"end":{"line":23,"column":1}},"3":{"start":{"line":22,"column":2},"end":{"line":22,"column":28}},"4":{"start":{"line":2,"column":7},"end":{"line":2,"column":null}},"5":{"start":{"line":2,"column":2},"end":{"line":7,"column":77}}},"fnMap":{"0":{"name":"(anonymous_0)","decl":{"start":{"line":21,"column":20},"end":{"line":21,"column":21}},"loc":{"start":{"line":21,"column":26},"end":{"line":23,"column":1}},"line":21}},"branchMap":{"0":{"loc":{"start":{"line":7,"column":15},"end":{"line":7,"column":77}},"type":"cond-expr","locations":[{"start":{"line":7,"column":6},"end":{"line":7,"column":77}}],"line":7}},"s":{"0":713,"1":713,"2":713,"3":483,"4":3,"5":814},"f":{"0":483},"b":{"0":[101,null]},"meta":{"lastBranch":0,"lastFunction":0,"lastStatement":0,"seen":{}}}
,"C:\\xampp\\htdocs\\student app\\student-info-app\\src\\pages\\StudentsPage.vue": {"path":"C:\\xampp\\htdocs\\student app\\student-info-app\\src\\pages\\StudentsPage.vue","statementMap":{"0":{"start":{"line":39,"column":16},"end":{"line":39,"column":24}},"1":{"start":{"line":40,"column":15},"end":{"line":40,"column":26}},"2":{"start":{"line":41,"column":13},"end":{"line":41,"column":23}},"3":{"start":{"line":44,"column":0},"end":{"line":62,"column":2}},"4":{"start":{"line":45,"column":2},"end":{"line":45,"column":22}},"5":{"start":{"line":46,"column":2},"end":{"line":46,"column":20}},"6":{"start":{"line":48,"column":2},"end":{"line":61,"column":3}},"7":{"start":{"line":49,"column":19},"end":{"line":49,"column":51}},"8":{"start":{"line":52,"column":4},"end":{"line":56,"column":5}},"9":{"start":{"line":53,"column":6},"end":{"line":53,"column":34}},"10":{"start":{"line":55,"column":6},"end":{"line":55,"column":29}},"11":{"start":{"line":58,"column":4},"end":{"line":58,"column":48}},"12":{"start":{"line":60,"column":4},"end":{"line":60,"column":25}},"13":{"start":{"line":2,"column":7},"end":{"line":2,"column":null}},"14":{"start":{"line":6,"column":9},"end":{"line":6,"column":29}},"15":{"start":{"line":2,"column":2},"end":{"line":25,"column":null}},"16":{"start":{"line":17,"column":8},"end":{"line":25,"column":null}}},"fnMap":{"0":{"name":"(anonymous_0)","decl":{"start":{"line":44,"column":10},"end":{"line":44,"column":15}},"loc":{"start":{"line":44,"column":22},"end":{"line":62,"column":1}},"line":44},"1":{"name":"(anonymous_1)","decl":{"start":{"line":18,"column":36},"end":{"line":18,"column":null}},"loc":{"start":{"line":18,"column":24},"end":{"line":25,"column":null}},"line":18}},"branchMap":{"0":{"loc":{"start":{"line":52,"column":4},"end":{"line":56,"column":5}},"type":"if","locations":[{"start":{"line":52,"column":4},"end":{"line":56,"column":5}},{"start":{"line":54,"column":11},"end":{"line":56,"column":5}}],"line":52},"1":{"loc":{"start":{"line":5,"column":6},"end":{"line":5,"column":33}},"type":"binary-expr","locations":[{"start":{"line":5,"column":6},"end":{"line":5,"column":10}},{"start":{"line":5,"column":6},"end":{"line":5,"column":33}}],"line":5},"2":{"loc":{"start":{"line":8,"column":17},"end":{"line":25,"column":null}},"type":"cond-expr","locations":[{"start":{"line":8,"column":6},"end":{"line":10,"column":12}},{"start":{"line":12,"column":22},"end":{"line":25,"column":null}}],"line":8},"3":{"loc":{"start":{"line":12,"column":22},"end":{"line":25,"column":null}},"type":"cond-expr","locations":[{"start":{"line":12,"column":6},"end":{"line":13,"column":null}},{"start":{"line":16,"column":6},"end":{"line":25,"column":null}}],"line":12}},"s":{"0":877,"1":877,"2":877,"3":877,"4":877,"5":877,"6":877,"7":877,"8":877,"9":100,"10":777,"11":0,"12":877,"13":3,"14":3,"15":2631,"16":1379},"f":{"0":877,"1":1379},"b":{"0":[100,777],"1":[2631,877],"2":[877,1754],"3":[100,1654]},"meta":{"lastBranch":4,"lastFunction":2,"lastStatement":17,"seen":{"s:39:16:39:24":0,"s:40:15:40:26":1,"s:41:13:41:23":2,"s:44:0:62:2":3,"f:44:10:44:15":0,"s:45:2:45:22":4,"s:46:2:46:20":5,"s:48:2:61:3":6,"s:49:19:49:51":7,"b:52:4:56:5:54:11:56:5":0,"s:52:4:56:5":8,"s:53:6:53:34":9,"s:55:6:55:29":10,"s:58:4:58:48":11,"s:60:4:60:25":12,"s:2:7:2:Infinity":13,"s:6:9:6:29":14,"s:2:2:25:Infinity":15,"b:5:6:5:10:5:6:5:33":1,"b:8:6:10:12:12:22:25:Infinity":2,"b:12:6:13:Infinity:16:6:25:Infinity":3,"f:18:36:18:Infinity":1,"s:17:8:25:Infinity":16}}}
,"C:\\xampp\\htdocs\\student app\\student-info-app\\src\\router\\index.js": {"path":"C:\\xampp\\htdocs\\student app\\student-info-app\\src\\router\\index.js","statementMap":{"0":{"start":{"line":5,"column":15},"end":{"line":16,"column":1}},"1":{"start":{"line":18,"column":14},"end":{"line":21,"column":2}}},"fnMap":{},"branchMap":{},"s":{"0":1,"1":1},"f":{},"b":{},"meta":{"lastBranch":0,"lastFunction":0,"lastStatement":2,"seen":{"s:5:15:16:1":0,"s:18:14:21:2":1}}}
,"C:\\xampp\\htdocs\\student app\\student-info-app\\src\\services\\apiService.js": {"path":"C:\\xampp\\htdocs\\student app\\student-info-app\\src\\services\\apiService.js","statementMap":{"0":{"start":{"line":6,"column":26},"end":{"line":85,"column":1}},"1":{"start":{"line":13,"column":4},"end":{"line":83,"column":5}},"2":{"start":{"line":15,"column":28},"end":{"line":17,"column":8}},"3":{"start":{"line":19,"column":23},"end":{"line":19,"column":92}},"4":{"start":{"line":22,"column":22},"end":{"line":33,"column":7}},"5":{"start":{"line":36,"column":23},"end":{"line":62,"column":8}},"6":{"start":{"line":38,"column":28},"end":{"line":38,"column":70}},"7":{"start":{"line":39,"column":31},"end":{"line":39,"column":118}},"8":{"start":{"line":42,"column":26},"end":{"line":42,"column":60}},"9":{"start":{"line":43,"column":26},"end":{"line":43,"column":51}},"10":{"start":{"line":44,"column":25},"end":{"line":44,"column":66}},"11":{"start":{"line":45,"column":29},"end":{"line":45,"column":70}},"12":{"start":{"line":48,"column":26},"end":{"line":48,"column":59}},"13":{"start":{"line":51,"column":26},"end":{"line":51,"column":54}},"14":{"start":{"line":53,"column":8},"end":{"line":61,"column":9}},"15":{"start":{"line":64,"column":6},"end":{"line":64,"column":21}},"16":{"start":{"line":67,"column":25},"end":{"line":67,"column":51}},"17":{"start":{"line":69,"column":6},"end":{"line":77,"column":7}},"18":{"start":{"line":70,"column":8},"end":{"line":70,"column":59}},"19":{"start":{"line":71,"column":13},"end":{"line":77,"column":7}},"20":{"start":{"line":73,"column":8},"end":{"line":73,"column":63}},"21":{"start":{"line":74,"column":13},"end":{"line":77,"column":7}},"22":{"start":{"line":76,"column":8},"end":{"line":76,"column":69}},"23":{"start":{"line":79,"column":6},"end":{"line":82,"column":7}}},"fnMap":{"0":{"name":"(anonymous_0)","decl":{"start":{"line":12,"column":8},"end":{"line":12,"column":21}},"loc":{"start":{"line":12,"column":24},"end":{"line":84,"column":3}},"line":12},"1":{"name":"(anonymous_1)","decl":{"start":{"line":36,"column":41},"end":{"line":36,"column":42}},"loc":{"start":{"line":36,"column":58},"end":{"line":62,"column":7}},"line":36}},"branchMap":{"0":{"loc":{"start":{"line":43,"column":26},"end":{"line":43,"column":51}},"type":"binary-expr","locations":[{"start":{"line":43,"column":26},"end":{"line":43,"column":38}},{"start":{"line":43,"column":42},"end":{"line":43,"column":51}}],"line":43},"1":{"loc":{"start":{"line":44,"column":25},"end":{"line":44,"column":66}},"type":"binary-expr","locations":[{"start":{"line":44,"column":25},"end":{"line":44,"column":56}},{"start":{"line":44,"column":60},"end":{"line":44,"column":66}}],"line":44},"2":{"loc":{"start":{"line":69,"column":6},"end":{"line":77,"column":7}},"type":"if","locations":[{"start":{"line":69,"column":6},"end":{"line":77,"column":7}},{"start":{"line":71,"column":13},"end":{"line":77,"column":7}}],"line":69},"3":{"loc":{"start":{"line":71,"column":13},"end":{"line":77,"column":7}},"type":"if","locations":[{"start":{"line":71,"column":13},"end":{"line":77,"column":7}},{"start":{"line":74,"column":13},"end":{"line":77,"column":7}}],"line":71},"4":{"loc":{"start":{"line":74,"column":13},"end":{"line":77,"column":7}},"type":"if","locations":[{"start":{"line":74,"column":13},"end":{"line":77,"column":7}},{"start":{},"end":{}}],"line":74}},"s":{"0":2,"1":104,"2":104,"3":104,"4":101,"5":101,"6":570,"7":570,"8":570,"9":570,"10":570,"11":570,"12":570,"13":570,"14":570,"15":101,"16":3,"17":3,"18":1,"19":2,"20":1,"21":1,"22":1,"23":3},"f":{"0":104,"1":570},"b":{"0":[570,6],"1":[570,5],"2":[1,2],"3":[1,1],"4":[1,0]},"meta":{"lastBranch":5,"lastFunction":2,"lastStatement":24,"seen":{"s:6:26:85:1":0,"f:12:8:12:21":0,"s:13:4:83:5":1,"s:15:28:17:8":2,"s:19:23:19:92":3,"s:22:22:33:7":4,"s:36:23:62:8":5,"f:36:41:36:42":1,"s:38:28:38:70":6,"s:39:31:39:118":7,"s:42:26:42:60":8,"s:43:26:43:51":9,"b:43:26:43:38:43:42:43:51":0,"s:44:25:44:66":10,"b:44:25:44:56:44:60:44:66":1,"s:45:29:45:70":11,"s:48:26:48:59":12,"s:51:26:51:54":13,"s:53:8:61:9":14,"s:64:6:64:21":15,"s:67:25:67:51":16,"b:69:6:77:7:71:13:77:7":2,"s:69:6:77:7":17,"s:70:8:70:59":18,"b:71:13:77:7:74:13:77:7":3,"s:71:13:77:7":19,"s:73:8:73:63":20,"b:74:13:77:7:undefined:undefined:undefined:undefined":4,"s:74:13:77:7":21,"s:76:8:76:69":22,"s:79:6:82:7":23}}}
}
